00:46:27.488 [main] INFO  cl.ucn.comercio.presentacion.App - El cliente: Randal Thomas con rut 29916399 comienza la compra.
00:46:29.490 [main] INFO  cl.ucn.comercio.presentacion.App - El cliente ha escogido los siguientes productos: 
00:46:29.734 [main] INFO  cl.ucn.comercio.presentacion.App - Celulares con marca: apple y oppo
00:46:31.734 [main] INFO  cl.ucn.comercio.presentacion.App - Verificamos la lista de proveedores y a quien pertenecen los productos escogidos: 
00:46:31.742 [main] INFO  cl.ucn.comercio.presentacion.App - Nombre: ACME Rut: 739872042
00:46:31.747 [main] INFO  cl.ucn.comercio.presentacion.App - El proveedor para producto 1 es ACME
00:46:31.747 [main] INFO  cl.ucn.comercio.presentacion.App - El proveedor para producto 2 es ACME
00:46:33.748 [main] INFO  cl.ucn.comercio.presentacion.App - Se crea el carro de compras con los productos escogidos. 
00:46:33.748 [main] INFO  cl.ucn.comercio.presentacion.App - Fecha: 09/06/2024 00:46:33
00:46:33.750 [main] INFO  cl.ucn.comercio.presentacion.App - Se asocia el carro de compra al cliente. 
00:46:33.771 [main] INFO  cl.ucn.comercio.presentacion.App - Se crea una orden de compra y se confirma la compra 
00:46:33.779 [main] INFO  cl.ucn.comercio.presentacion.App - Se persisten los datos de cliente 
00:46:35.812 [main] INFO  cl.ucn.comercio.presentacion.App - El status de la orden cambia a enviado 
00:46:37.824 [main] INFO  cl.ucn.comercio.presentacion.App - El status de la orden cambia a entregado 
01:03:48.984 [main] INFO  cl.ucn.comercio.presentacion.App - El cliente: Randal Thomas con rut 29916399 comienza la compra.
01:03:50.986 [main] INFO  cl.ucn.comercio.presentacion.App - El cliente ha escogido los siguientes productos: 
01:03:51.241 [main] INFO  cl.ucn.comercio.presentacion.App - Celulares con marca: apple y oppo
01:03:53.241 [main] INFO  cl.ucn.comercio.presentacion.App - Verificamos la lista de proveedores y a quien pertenecen los productos escogidos: 
01:03:53.249 [main] INFO  cl.ucn.comercio.presentacion.App - Nombre: ACME Rut: 739872042
01:03:53.254 [main] INFO  cl.ucn.comercio.presentacion.App - El proveedor para producto 1 es ACME
01:03:53.254 [main] INFO  cl.ucn.comercio.presentacion.App - El proveedor para producto 2 es ACME
01:03:55.255 [main] INFO  cl.ucn.comercio.presentacion.App - Se crea el carro de compras con los productos escogidos. 
01:03:55.255 [main] INFO  cl.ucn.comercio.presentacion.App - Fecha: 09/06/2024 01:03:55
01:03:55.257 [main] INFO  cl.ucn.comercio.presentacion.App - Se asocia el carro de compra al cliente. 
01:03:55.367 [main] INFO  cl.ucn.comercio.presentacion.App - Se crea una orden de compra y se confirma la compra 
01:03:55.406 [main] INFO  cl.ucn.comercio.presentacion.App - Se persisten los datos de cliente 
01:03:57.439 [main] INFO  cl.ucn.comercio.presentacion.App - El status de la orden cambia a enviado 
01:03:59.449 [main] INFO  cl.ucn.comercio.presentacion.App - El status de la orden cambia a entregado 
01:12:52.281 [main] INFO  cl.ucn.comercio.presentacion.App - El cliente: Randal Thomas con rut 29916399 comienza la compra.
01:12:54.283 [main] INFO  cl.ucn.comercio.presentacion.App - El cliente ha escogido los siguientes productos: 
01:12:54.539 [main] INFO  cl.ucn.comercio.presentacion.App - Celulares con marca: apple y oppo
01:12:56.540 [main] INFO  cl.ucn.comercio.presentacion.App - Verificamos la lista de proveedores y a quien pertenecen los productos escogidos: 
01:12:56.547 [main] INFO  cl.ucn.comercio.presentacion.App - Nombre: ACME Rut: 739872042
01:12:56.553 [main] INFO  cl.ucn.comercio.presentacion.App - El proveedor para producto 1 es ACME
01:12:56.553 [main] INFO  cl.ucn.comercio.presentacion.App - El proveedor para producto 2 es ACME
01:12:58.553 [main] INFO  cl.ucn.comercio.presentacion.App - Se crea el carro de compras con los productos escogidos. 
01:12:58.554 [main] INFO  cl.ucn.comercio.presentacion.App - Fecha: 09/06/2024 01:12:58
01:12:58.555 [main] INFO  cl.ucn.comercio.presentacion.App - Se asocia el carro de compra al cliente. 
01:12:58.577 [main] INFO  cl.ucn.comercio.presentacion.App - Se crea una orden de compra y se confirma la compra 
01:12:58.584 [main] INFO  cl.ucn.comercio.presentacion.App - Se persisten los datos de cliente 
01:13:00.621 [main] INFO  cl.ucn.comercio.presentacion.App - El status de la orden cambia a enviado 
01:13:02.635 [main] INFO  cl.ucn.comercio.presentacion.App - El status de la orden cambia a entregado 
01:13:56.409 [main] INFO  cl.ucn.comercio.presentacion.App - El cliente: Randal Thomas con rut 29916399 comienza la compra.
01:13:58.411 [main] INFO  cl.ucn.comercio.presentacion.App - El cliente ha escogido los siguientes productos: 
01:13:58.713 [main] INFO  cl.ucn.comercio.presentacion.App - Celulares con marca: apple y oppo
01:14:00.714 [main] INFO  cl.ucn.comercio.presentacion.App - Verificamos la lista de proveedores y a quien pertenecen los productos escogidos: 
01:14:00.721 [main] INFO  cl.ucn.comercio.presentacion.App - Nombre: ACME Rut: 739872042
01:14:00.726 [main] INFO  cl.ucn.comercio.presentacion.App - El proveedor para producto 1 es ACME
01:14:00.727 [main] INFO  cl.ucn.comercio.presentacion.App - El proveedor para producto 2 es ACME
01:14:02.727 [main] INFO  cl.ucn.comercio.presentacion.App - Se crea el carro de compras con los productos escogidos. 
01:14:02.728 [main] INFO  cl.ucn.comercio.presentacion.App - Fecha: 09/06/2024 01:14:02
01:14:02.729 [main] INFO  cl.ucn.comercio.presentacion.App - Se asocia el carro de compra al cliente. 
01:14:02.750 [main] INFO  cl.ucn.comercio.presentacion.App - Se crea una orden de compra y se confirma la compra 
01:14:02.758 [main] INFO  cl.ucn.comercio.presentacion.App - Se persisten los datos de cliente 
01:14:04.791 [main] INFO  cl.ucn.comercio.presentacion.App - El status de la orden cambia a enviado 
01:14:06.802 [main] INFO  cl.ucn.comercio.presentacion.App - El status de la orden cambia a entregado 
01:14:53.950 [main] INFO  cl.ucn.comercio.presentacion.App - El cliente: Randal Thomas con rut 29916399 comienza la compra.
01:14:55.952 [main] INFO  cl.ucn.comercio.presentacion.App - El cliente ha escogido los siguientes productos: 
01:14:56.206 [main] INFO  cl.ucn.comercio.presentacion.App - Celulares con marca: apple y oppo
01:14:58.206 [main] INFO  cl.ucn.comercio.presentacion.App - Verificamos la lista de proveedores y a quien pertenecen los productos escogidos: 
01:14:58.214 [main] INFO  cl.ucn.comercio.presentacion.App - Nombre: ACME Rut: 739872042
01:14:58.219 [main] INFO  cl.ucn.comercio.presentacion.App - El proveedor para producto 1 es ACME
01:14:58.219 [main] INFO  cl.ucn.comercio.presentacion.App - El proveedor para producto 2 es ACME
01:15:00.220 [main] INFO  cl.ucn.comercio.presentacion.App - Se crea el carro de compras con los productos escogidos. 
01:15:00.220 [main] INFO  cl.ucn.comercio.presentacion.App - Fecha: 09/06/2024 01:15:00
01:15:00.223 [main] INFO  cl.ucn.comercio.presentacion.App - Se asocia el carro de compra al cliente. 
01:15:00.246 [main] INFO  cl.ucn.comercio.presentacion.App - Se crea una orden de compra y se confirma la compra 
01:15:00.254 [main] INFO  cl.ucn.comercio.presentacion.App - Se persisten los datos de cliente 
01:15:02.285 [main] INFO  cl.ucn.comercio.presentacion.App - El status de la orden cambia a enviado 
01:15:04.298 [main] INFO  cl.ucn.comercio.presentacion.App - El status de la orden cambia a entregado 
01:19:06.701 [main] INFO  cl.ucn.comercio.presentacion.App - El cliente: Randal Thomas con rut 29916399 comienza la compra.
01:19:08.703 [main] INFO  cl.ucn.comercio.presentacion.App - El cliente ha escogido los siguientes productos: 
01:19:08.957 [main] INFO  cl.ucn.comercio.presentacion.App - Celulares con marca: apple y oppo
01:19:10.958 [main] INFO  cl.ucn.comercio.presentacion.App - Verificamos la lista de proveedores y a quien pertenecen los productos escogidos: 
01:19:10.966 [main] INFO  cl.ucn.comercio.presentacion.App - Nombre: ACME Rut: 739872042
01:19:10.971 [main] INFO  cl.ucn.comercio.presentacion.App - El proveedor para producto 1 es ACME
01:19:10.972 [main] INFO  cl.ucn.comercio.presentacion.App - El proveedor para producto 2 es ACME
01:19:12.972 [main] INFO  cl.ucn.comercio.presentacion.App - Se crea el carro de compras con los productos escogidos. 
01:19:12.972 [main] INFO  cl.ucn.comercio.presentacion.App - Fecha: 09/06/2024 01:19:12
01:19:12.974 [main] INFO  cl.ucn.comercio.presentacion.App - Se asocia el carro de compra al cliente. 
01:19:12.993 [main] INFO  cl.ucn.comercio.presentacion.App - Se crea una orden de compra y se confirma la compra 
01:19:13.001 [main] INFO  cl.ucn.comercio.presentacion.App - Se persisten los datos de cliente 
01:19:15.041 [main] INFO  cl.ucn.comercio.presentacion.App - El status de la orden cambia a enviado 
01:19:17.054 [main] INFO  cl.ucn.comercio.presentacion.App - El status de la orden cambia a entregado 
01:20:44.689 [main] INFO  cl.ucn.comercio.presentacion.App - El cliente: Randal Thomas con rut 29916399 comienza la compra.
01:20:46.691 [main] INFO  cl.ucn.comercio.presentacion.App - El cliente ha escogido los siguientes productos: 
01:20:46.952 [main] INFO  cl.ucn.comercio.presentacion.App - Celulares con marca: apple y oppo
01:20:48.953 [main] INFO  cl.ucn.comercio.presentacion.App - Verificamos la lista de proveedores y a quien pertenecen los productos escogidos: 
01:20:48.960 [main] INFO  cl.ucn.comercio.presentacion.App - Nombre: ACME Rut: 739872042
01:20:48.966 [main] INFO  cl.ucn.comercio.presentacion.App - El proveedor para producto 1 es ACME
01:20:48.966 [main] INFO  cl.ucn.comercio.presentacion.App - El proveedor para producto 2 es ACME
01:20:50.966 [main] INFO  cl.ucn.comercio.presentacion.App - Se crea el carro de compras con los productos escogidos. 
01:20:50.967 [main] INFO  cl.ucn.comercio.presentacion.App - Fecha: 09/06/2024 01:20:50
01:20:50.969 [main] INFO  cl.ucn.comercio.presentacion.App - Se asocia el carro de compra al cliente. 
01:20:50.988 [main] INFO  cl.ucn.comercio.presentacion.App - Se crea una orden de compra y se confirma la compra 
01:20:50.995 [main] INFO  cl.ucn.comercio.presentacion.App - Se persisten los datos de cliente 
01:20:53.025 [main] INFO  cl.ucn.comercio.presentacion.App - El status de la orden cambia a enviado 
01:20:55.038 [main] INFO  cl.ucn.comercio.presentacion.App - El status de la orden cambia a entregado 
21:30:07.658 [main] INFO  cl.ucn.comercio.presentacion.App - El cliente: Randal Thomas con rut 29916399 comienza la compra.
21:30:09.667 [main] INFO  cl.ucn.comercio.presentacion.App - El cliente ha escogido los siguientes productos: 
21:30:10.279 [main] INFO  cl.ucn.comercio.presentacion.App - Celulares con marca: apple y oppo
21:30:12.292 [main] INFO  cl.ucn.comercio.presentacion.App - Verificamos la lista de proveedores y a quien pertenecen los productos escogidos: 
21:30:12.317 [main] INFO  cl.ucn.comercio.presentacion.App - Nombre: ACME Rut: 739872042
21:30:12.330 [main] INFO  cl.ucn.comercio.presentacion.App - El proveedor para producto 1 es ACME
21:30:12.331 [main] INFO  cl.ucn.comercio.presentacion.App - El proveedor para producto 2 es ACME
21:30:14.345 [main] INFO  cl.ucn.comercio.presentacion.App - Se crea el carro de compras con los productos escogidos. 
21:30:14.346 [main] INFO  cl.ucn.comercio.presentacion.App - Fecha: 13/06/2024 21:30:14
21:30:14.352 [main] INFO  cl.ucn.comercio.presentacion.App - Se asocia el carro de compra al cliente. 
21:30:14.407 [main] INFO  cl.ucn.comercio.presentacion.App - Se crea una orden de compra y se confirma la compra 
21:30:14.416 [main] INFO  cl.ucn.comercio.presentacion.App - Se persisten los datos de cliente 
21:30:16.511 [main] INFO  cl.ucn.comercio.presentacion.App - El status de la orden cambia a enviado 
21:30:18.535 [main] INFO  cl.ucn.comercio.presentacion.App - El status de la orden cambia a entregado 
